<html xmlns:math="http://exslt.org/math" xmlns:testng="http://testng.org">
   <head>
      <title>TestNG Results</title>
      <meta http-equiv="content-type" content="text/html; charset=utf-8"></meta>
      <meta http-equiv="pragma" content="no-cache"></meta>
      <meta http-equiv="cache-control" content="max-age=0"></meta>
      <meta http-equiv="cache-control" content="no-cache"></meta>
      <meta http-equiv="cache-control" content="no-store"></meta>
      <LINK rel="stylesheet" href="style.css"></LINK>
      <script type="text/javascript" src="main.js"></script>
   </head>
   <body>
      <table width="100%" style="font-size: 16px; margin-bottom: 10px;" cellspacing="1">
         <tr>
            <td width="100%">
               All methods in suite
               
               <b>Suite1</b>
            </td>
            <td style="background-color: #FFBBBB; padding: 3px 3px 3px 0;" align="center">
               <div style="width: 50px;">3</div>
            </td>
            <td style="background-color: lightgreen; padding: 3px 3px 3px 0;" align="center">
               <div style="width: 50px;">8</div>
            </td>
            <td style="background-color: #FFFFBB; padding: 3px 3px 3px 0;" align="center">
               <div style="width: 50px;">0</div>
            </td>
            <td align="center" style="background-color: #eaf0f7; padding: 3px 3px 3px 0;">
               <div style="width: 50px;">11</div>
            </td>
            <td align="center"
                style="font-weight: bold; background-color: #eaf0f7; padding: 3px 3px 3px 0;">
               <div style="width: 50px;">73%</div>
            </td>
            <td style="background-color: #eaf0f7; padding: 3px 3px 3px 0;" align="center"
                nowrap="true">2m
               25s
               
            </td>
         </tr>
      </table>
      <div style="width: 200px;">
         <label for="groupMethodsCheckBox" style="font-weight: bold; margin: 0;">
            <input id="groupMethodsCheckBox" type="checkbox" onclick="switchTestMethodsView(this)"
                   checked=""></input>
            Group by class
            
         </label>
         <br></br>
         <label for="methodsFilter_ALL" style="font-weight: bold; margin: 0;">
            <input id="methodsFilter_ALL" type="checkbox"
                   onclick="testMethodsFilterChanged(this, 'ALL')"
                   checked=""></input>
            All
            
         </label>
      </div>
      <label for="methodsFilter_FAIL" style="margin-left: 20px;">
         <input id="methodsFilter_FAIL" type="checkbox"
                onclick="testMethodsFilterChanged(this, 'FAIL')"
                checked=""></input>
         Failed
         
      </label>
      <label for="methodsFilter_PASS">
         <input id="methodsFilter_PASS" type="checkbox"
                onclick="testMethodsFilterChanged(this, 'PASS')"
                checked=""></input>
         Passed
         
      </label>
      <label for="methodsFilter_SKIP">
         <input id="methodsFilter_SKIP" type="checkbox"
                onclick="testMethodsFilterChanged(this, 'SKIP')"
                checked=""></input>
         Skipped
         
      </label>
      <label for="methodsFilter_CONF">
         <input id="methodsFilter_CONF" type="checkbox"
                onclick="testMethodsFilterChanged(this, 'CONF')"
                checked=""></input>
         Config
         
      </label>
      <br></br>
      <div id="testMethodsByStatus" style="display: none;">
         <table class="testMethodsTable" cellpadding="0" cellspacing="0">
            <tr class="methodsTableHeader">
               <td width="100%">Name</td>
               <td nowrap="true">Started</td>
               <td nowrap="true">Duration</td>
               <td>Exception</td>
            </tr>
            <tr id="Package_1.Test_Frenzy_BotonesHome_byStatus_failed_FAIL1_row"
                class="testMethodStatusFAIL">
               <td width="100%" class="firstMethodCell">
                  <a onclick="toggleDetailsVisibility('Package_1.Test_Frenzy_BotonesHome_byStatus_failed_FAIL1_details')">BotonesHome()</a>
               </td>
               <td nowrap="true">11:32:56</td>
               <td nowrap="true" align="right">34s
                  
               </td>
               <td nowrap="true">
                  <a onclick="toggleDetailsVisibility('Package_1.Test_Frenzy_BotonesHome_byStatus_failed_FAIL1_exception')">org.openqa.selenium.TimeoutException: 
                     Expected condition failed: waiting for element to be clickable: By.xpath: //DIV[@class='buttonTutorialCodePromotion flexVerticalCenter
                     justifyContentCenter'] (tried for 30 second(s) with 500 MILLISECONDS interval)
                     
                  </a>
                   
                  
               </td>
            </tr>
            <tr>
               <td colspan="4" class="detailsBox">
                  <div id="Package_1.Test_Frenzy_BotonesHome_byStatus_failed_FAIL1_details"
                       class="testMethodDetails">
                     <div>
                        <b>Name: </b>BotonesHome
                     </div>
                     <div>
                        <b>Description: </b>Test de los botones y alertas en pantalla
                     </div>
                     <div>
                        <b>Signature: </b>BotonesHome()[pri:0, instance:Package_1.Test_Frenzy@546a03af]
                     </div>
                     <div>
                        <b>Start time: </b>11:32:56
                     </div>
                     <div>
                        <b>End time: </b>11:33:30
                     </div>
                     <div>
                        <b>Duration: </b>34s
                        
                     </div>
                  </div>
               </td>
            </tr>
            <tr>
               <td colspan="4" class="detailsBox">
                  <div id="Package_1.Test_Frenzy_BotonesHome_byStatus_failed_FAIL1_exception"
                       class="testMethodDetails">
                     <pre style="padding: 5px; margin: 0;">org.openqa.selenium.TimeoutException: Expected condition failed: waiting for element to be clickable: By.xpath: //DIV[@class='buttonTutorialCodePromotion
                        flexVerticalCenter justifyContentCenter'] (tried for 30 second(s) with 500 MILLISECONDS interval)
                        	at org.openqa.selenium.support.ui.WebDriverWait.timeoutException(WebDriverWait.java:80)
                        	at org.openqa.selenium.support.ui.FluentWait.until(FluentWait.java:232)
                        	at Package_1.Test_Frenzy.BotonesHome(Test_Frenzy.java:143)
                        	at sun.reflect.NativeMethodAccessorImpl.invoke0(Native Method)
                        	at sun.reflect.NativeMethodAccessorImpl.invoke(Unknown Source)
                        	at sun.reflect.DelegatingMethodAccessorImpl.invoke(Unknown Source)
                        	at java.lang.reflect.Method.invoke(Unknown Source)
                        	at org.testng.internal.MethodInvocationHelper.invokeMethod(MethodInvocationHelper.java:108)
                        	at org.testng.internal.Invoker.invokeMethod(Invoker.java:669)
                        	at org.testng.internal.Invoker.invokeTestMethod(Invoker.java:877)
                        	at org.testng.internal.Invoker.invokeTestMethods(Invoker.java:1201)
                        	at org.testng.internal.TestMethodWorker.invokeTestMethods(TestMethodWorker.java:125)
                        	at org.testng.internal.TestMethodWorker.run(TestMethodWorker.java:109)
                        	at org.testng.TestRunner.privateRun(TestRunner.java:776)
                        	at org.testng.TestRunner.run(TestRunner.java:634)
                        	at org.testng.SuiteRunner.runTest(SuiteRunner.java:425)
                        	at org.testng.SuiteRunner.runSequentially(SuiteRunner.java:420)
                        	at org.testng.SuiteRunner.privateRun(SuiteRunner.java:385)
                        	at org.testng.SuiteRunner.run(SuiteRunner.java:334)
                        	at org.testng.SuiteRunnerWorker.runSuite(SuiteRunnerWorker.java:52)
                        	at org.testng.SuiteRunnerWorker.run(SuiteRunnerWorker.java:86)
                        	at org.testng.TestNG.runSuitesSequentially(TestNG.java:1318)
                        	at org.testng.TestNG.runSuitesLocally(TestNG.java:1243)
                        	at org.testng.TestNG.runSuites(TestNG.java:1161)
                        	at org.testng.TestNG.run(TestNG.java:1129)
                        	at org.testng.TestNG.privateMain(TestNG.java:1459)
                        	at org.testng.TestNG.main(TestNG.java:1428)
                        Caused by: org.openqa.selenium.NoSuchElementException: Cannot locate an element using By.xpath: //DIV[@class='buttonTutorialCodePromotion
                        flexVerticalCenter justifyContentCenter']
                        For documentation on this error, please visit: http://seleniumhq.org/exceptions/no_such_element.html
                        Build info: version: 'unknown', revision: 'unknown', time: 'unknown'
                        System info: host: 'COGNITSBRYANPAZ', ip: '192.168.50.174', os.name: 'Windows 10', os.arch: 'amd64', os.version: '10.0', java.version:
                        '1.8.0_144'
                        Driver info: driver.version: unknown
                        	at org.openqa.selenium.support.ui.ExpectedConditions.lambda$findElement$0(ExpectedConditions.java:883)
                        	at java.util.Optional.orElseThrow(Unknown Source)
                        	at org.openqa.selenium.support.ui.ExpectedConditions.findElement(ExpectedConditions.java:882)
                        	at org.openqa.selenium.support.ui.ExpectedConditions.access$000(ExpectedConditions.java:44)
                        	at org.openqa.selenium.support.ui.ExpectedConditions$7.apply(ExpectedConditions.java:206)
                        	at org.openqa.selenium.support.ui.ExpectedConditions$7.apply(ExpectedConditions.java:202)
                        	at org.openqa.selenium.support.ui.ExpectedConditions$22.apply(ExpectedConditions.java:644)
                        	at org.openqa.selenium.support.ui.ExpectedConditions$22.apply(ExpectedConditions.java:641)
                        	at org.openqa.selenium.support.ui.FluentWait.until(FluentWait.java:209)
                        	... 25 more
                     </pre>
                  </div>
               </td>
            </tr>
            <tr id="Package_1.Test_Frenzy_ComoGanoBits_byStatus_failed_FAIL2_row"
                class="testMethodStatusFAIL">
               <td width="100%" class="firstMethodCell">
                  <a onclick="toggleDetailsVisibility('Package_1.Test_Frenzy_ComoGanoBits_byStatus_failed_FAIL2_details')">ComoGanoBits()</a>
               </td>
               <td nowrap="true">11:33:39</td>
               <td nowrap="true" align="right">35s
                  
               </td>
               <td nowrap="true">
                  <a onclick="toggleDetailsVisibility('Package_1.Test_Frenzy_ComoGanoBits_byStatus_failed_FAIL2_exception')">org.openqa.selenium.TimeoutException: 
                     Expected condition failed: waiting for element to be clickable: By.xpath: //DIV[@class='buttonTutorialHowWin flexVerticalCenter
                     justifyContentCenter'] (tried for 30 second(s) with 500 MILLISECONDS interval)
                     
                  </a>
                   
                  
               </td>
            </tr>
            <tr>
               <td colspan="4" class="detailsBox">
                  <div id="Package_1.Test_Frenzy_ComoGanoBits_byStatus_failed_FAIL2_details"
                       class="testMethodDetails">
                     <div>
                        <b>Name: </b>ComoGanoBits
                     </div>
                     <div>
                        <b>Description: </b>Boton de cómo ganar bits en la vista points
                     </div>
                     <div>
                        <b>Signature: </b>ComoGanoBits()[pri:0, instance:Package_1.Test_Frenzy@546a03af]
                     </div>
                     <div>
                        <b>Start time: </b>11:33:39
                     </div>
                     <div>
                        <b>End time: </b>11:34:15
                     </div>
                     <div>
                        <b>Duration: </b>35s
                        
                     </div>
                  </div>
               </td>
            </tr>
            <tr>
               <td colspan="4" class="detailsBox">
                  <div id="Package_1.Test_Frenzy_ComoGanoBits_byStatus_failed_FAIL2_exception"
                       class="testMethodDetails">
                     <pre style="padding: 5px; margin: 0;">org.openqa.selenium.TimeoutException: Expected condition failed: waiting for element to be clickable: By.xpath: //DIV[@class='buttonTutorialHowWin
                        flexVerticalCenter justifyContentCenter'] (tried for 30 second(s) with 500 MILLISECONDS interval)
                        	at org.openqa.selenium.support.ui.WebDriverWait.timeoutException(WebDriverWait.java:80)
                        	at org.openqa.selenium.support.ui.FluentWait.until(FluentWait.java:232)
                        	at Package_1.Test_Frenzy.ComoGanoBits(Test_Frenzy.java:266)
                        	at sun.reflect.NativeMethodAccessorImpl.invoke0(Native Method)
                        	at sun.reflect.NativeMethodAccessorImpl.invoke(Unknown Source)
                        	at sun.reflect.DelegatingMethodAccessorImpl.invoke(Unknown Source)
                        	at java.lang.reflect.Method.invoke(Unknown Source)
                        	at org.testng.internal.MethodInvocationHelper.invokeMethod(MethodInvocationHelper.java:108)
                        	at org.testng.internal.Invoker.invokeMethod(Invoker.java:669)
                        	at org.testng.internal.Invoker.invokeTestMethod(Invoker.java:877)
                        	at org.testng.internal.Invoker.invokeTestMethods(Invoker.java:1201)
                        	at org.testng.internal.TestMethodWorker.invokeTestMethods(TestMethodWorker.java:125)
                        	at org.testng.internal.TestMethodWorker.run(TestMethodWorker.java:109)
                        	at org.testng.TestRunner.privateRun(TestRunner.java:776)
                        	at org.testng.TestRunner.run(TestRunner.java:634)
                        	at org.testng.SuiteRunner.runTest(SuiteRunner.java:425)
                        	at org.testng.SuiteRunner.runSequentially(SuiteRunner.java:420)
                        	at org.testng.SuiteRunner.privateRun(SuiteRunner.java:385)
                        	at org.testng.SuiteRunner.run(SuiteRunner.java:334)
                        	at org.testng.SuiteRunnerWorker.runSuite(SuiteRunnerWorker.java:52)
                        	at org.testng.SuiteRunnerWorker.run(SuiteRunnerWorker.java:86)
                        	at org.testng.TestNG.runSuitesSequentially(TestNG.java:1318)
                        	at org.testng.TestNG.runSuitesLocally(TestNG.java:1243)
                        	at org.testng.TestNG.runSuites(TestNG.java:1161)
                        	at org.testng.TestNG.run(TestNG.java:1129)
                        	at org.testng.TestNG.privateMain(TestNG.java:1459)
                        	at org.testng.TestNG.main(TestNG.java:1428)
                        Caused by: org.openqa.selenium.NoSuchElementException: Cannot locate an element using By.xpath: //DIV[@class='buttonTutorialHowWin
                        flexVerticalCenter justifyContentCenter']
                        For documentation on this error, please visit: http://seleniumhq.org/exceptions/no_such_element.html
                        Build info: version: 'unknown', revision: 'unknown', time: 'unknown'
                        System info: host: 'COGNITSBRYANPAZ', ip: '192.168.50.174', os.name: 'Windows 10', os.arch: 'amd64', os.version: '10.0', java.version:
                        '1.8.0_144'
                        Driver info: driver.version: unknown
                        	at org.openqa.selenium.support.ui.ExpectedConditions.lambda$findElement$0(ExpectedConditions.java:883)
                        	at java.util.Optional.orElseThrow(Unknown Source)
                        	at org.openqa.selenium.support.ui.ExpectedConditions.findElement(ExpectedConditions.java:882)
                        	at org.openqa.selenium.support.ui.ExpectedConditions.access$000(ExpectedConditions.java:44)
                        	at org.openqa.selenium.support.ui.ExpectedConditions$7.apply(ExpectedConditions.java:206)
                        	at org.openqa.selenium.support.ui.ExpectedConditions$7.apply(ExpectedConditions.java:202)
                        	at org.openqa.selenium.support.ui.ExpectedConditions$22.apply(ExpectedConditions.java:644)
                        	at org.openqa.selenium.support.ui.ExpectedConditions$22.apply(ExpectedConditions.java:641)
                        	at org.openqa.selenium.support.ui.FluentWait.until(FluentWait.java:209)
                        	... 25 more
                     </pre>
                  </div>
               </td>
            </tr>
            <tr id="Package_1.Test_Frenzy_Ofertas_byStatus_failed_FAIL3_row"
                class="testMethodStatusFAIL">
               <td width="100%" class="firstMethodCell">
                  <a onclick="toggleDetailsVisibility('Package_1.Test_Frenzy_Ofertas_byStatus_failed_FAIL3_details')">Ofertas()</a>
               </td>
               <td nowrap="true">11:34:15</td>
               <td nowrap="true" align="right">30s
                  
               </td>
               <td nowrap="true">
                  <a onclick="toggleDetailsVisibility('Package_1.Test_Frenzy_Ofertas_byStatus_failed_FAIL3_exception')">org.openqa.selenium.TimeoutException: 
                     Expected condition failed: waiting for visibility of element located by By.xpath: //DIV[@class='col-xs-12 col-sm-12 col-md-11
                     col-lg-10'] (tried for 30 second(s) with 500 MILLISECONDS interval)
                     
                  </a>
                   
                  
               </td>
            </tr>
            <tr>
               <td colspan="4" class="detailsBox">
                  <div id="Package_1.Test_Frenzy_Ofertas_byStatus_failed_FAIL3_details"
                       class="testMethodDetails">
                     <div>
                        <b>Name: </b>Ofertas
                     </div>
                     <div>
                        <b>Description: </b>Test de la vista ofertas de los socios correspondientes.
                     </div>
                     <div>
                        <b>Signature: </b>Ofertas()[pri:0, instance:Package_1.Test_Frenzy@546a03af]
                     </div>
                     <div>
                        <b>Start time: </b>11:34:15
                     </div>
                     <div>
                        <b>End time: </b>11:34:45
                     </div>
                     <div>
                        <b>Duration: </b>30s
                        
                     </div>
                  </div>
               </td>
            </tr>
            <tr>
               <td colspan="4" class="detailsBox">
                  <div id="Package_1.Test_Frenzy_Ofertas_byStatus_failed_FAIL3_exception"
                       class="testMethodDetails">
                     <pre style="padding: 5px; margin: 0;">org.openqa.selenium.TimeoutException: Expected condition failed: waiting for visibility of element located by By.xpath: //DIV[@class='col-xs-12
                        col-sm-12 col-md-11 col-lg-10'] (tried for 30 second(s) with 500 MILLISECONDS interval)
                        	at org.openqa.selenium.support.ui.WebDriverWait.timeoutException(WebDriverWait.java:80)
                        	at org.openqa.selenium.support.ui.FluentWait.until(FluentWait.java:232)
                        	at Package_1.Test_Frenzy.Ofertas(Test_Frenzy.java:278)
                        	at sun.reflect.NativeMethodAccessorImpl.invoke0(Native Method)
                        	at sun.reflect.NativeMethodAccessorImpl.invoke(Unknown Source)
                        	at sun.reflect.DelegatingMethodAccessorImpl.invoke(Unknown Source)
                        	at java.lang.reflect.Method.invoke(Unknown Source)
                        	at org.testng.internal.MethodInvocationHelper.invokeMethod(MethodInvocationHelper.java:108)
                        	at org.testng.internal.Invoker.invokeMethod(Invoker.java:669)
                        	at org.testng.internal.Invoker.invokeTestMethod(Invoker.java:877)
                        	at org.testng.internal.Invoker.invokeTestMethods(Invoker.java:1201)
                        	at org.testng.internal.TestMethodWorker.invokeTestMethods(TestMethodWorker.java:125)
                        	at org.testng.internal.TestMethodWorker.run(TestMethodWorker.java:109)
                        	at org.testng.TestRunner.privateRun(TestRunner.java:776)
                        	at org.testng.TestRunner.run(TestRunner.java:634)
                        	at org.testng.SuiteRunner.runTest(SuiteRunner.java:425)
                        	at org.testng.SuiteRunner.runSequentially(SuiteRunner.java:420)
                        	at org.testng.SuiteRunner.privateRun(SuiteRunner.java:385)
                        	at org.testng.SuiteRunner.run(SuiteRunner.java:334)
                        	at org.testng.SuiteRunnerWorker.runSuite(SuiteRunnerWorker.java:52)
                        	at org.testng.SuiteRunnerWorker.run(SuiteRunnerWorker.java:86)
                        	at org.testng.TestNG.runSuitesSequentially(TestNG.java:1318)
                        	at org.testng.TestNG.runSuitesLocally(TestNG.java:1243)
                        	at org.testng.TestNG.runSuites(TestNG.java:1161)
                        	at org.testng.TestNG.run(TestNG.java:1129)
                        	at org.testng.TestNG.privateMain(TestNG.java:1459)
                        	at org.testng.TestNG.main(TestNG.java:1428)
                        Caused by: org.openqa.selenium.NoSuchElementException: Cannot locate an element using By.xpath: //DIV[@class='col-xs-12 col-sm-12
                        col-md-11 col-lg-10']
                        For documentation on this error, please visit: http://seleniumhq.org/exceptions/no_such_element.html
                        Build info: version: 'unknown', revision: 'unknown', time: 'unknown'
                        System info: host: 'COGNITSBRYANPAZ', ip: '192.168.50.174', os.name: 'Windows 10', os.arch: 'amd64', os.version: '10.0', java.version:
                        '1.8.0_144'
                        Driver info: driver.version: unknown
                        	at org.openqa.selenium.support.ui.ExpectedConditions.lambda$findElement$0(ExpectedConditions.java:883)
                        	at java.util.Optional.orElseThrow(Unknown Source)
                        	at org.openqa.selenium.support.ui.ExpectedConditions.findElement(ExpectedConditions.java:882)
                        	at org.openqa.selenium.support.ui.ExpectedConditions.access$000(ExpectedConditions.java:44)
                        	at org.openqa.selenium.support.ui.ExpectedConditions$7.apply(ExpectedConditions.java:206)
                        	at org.openqa.selenium.support.ui.ExpectedConditions$7.apply(ExpectedConditions.java:202)
                        	at org.openqa.selenium.support.ui.FluentWait.until(FluentWait.java:209)
                        	... 25 more
                     </pre>
                  </div>
               </td>
            </tr>
            <tr id="Package_1.Test_Frenzy_AbrirNavegador_byStatus_passed_PASS1_row"
                class="testMethodStatusPASS">
               <td width="100%" class="firstMethodCell">
                  <a onclick="toggleDetailsVisibility('Package_1.Test_Frenzy_AbrirNavegador_byStatus_passed_PASS1_details')">AbrirNavegador()</a>
               </td>
               <td nowrap="true">11:32:30</td>
               <td nowrap="true" align="right">5s
                  
               </td>
               <td nowrap="true">
                   
                  
               </td>
            </tr>
            <tr>
               <td colspan="4" class="detailsBox">
                  <div id="Package_1.Test_Frenzy_AbrirNavegador_byStatus_passed_PASS1_details"
                       class="testMethodDetails">
                     <div>
                        <b>Name: </b>AbrirNavegador
                     </div>
                     <div>
                        <b>Description: </b>Abre el navegador configurado
                     </div>
                     <div>
                        <b>Signature: </b>AbrirNavegador()[pri:0, instance:Package_1.Test_Frenzy@546a03af]
                     </div>
                     <div>
                        <b>Start time: </b>11:32:30
                     </div>
                     <div>
                        <b>End time: </b>11:32:36
                     </div>
                     <div>
                        <b>Duration: </b>5s
                        
                     </div>
                  </div>
               </td>
            </tr>
            <tr></tr>
            <tr id="Package_1.Test_Frenzy_Login_byStatus_passed_PASS2_row"
                class="testMethodStatusPASS">
               <td width="100%" class="firstMethodCell">
                  <a onclick="toggleDetailsVisibility('Package_1.Test_Frenzy_Login_byStatus_passed_PASS2_details')">Login()</a>
               </td>
               <td nowrap="true">11:32:36</td>
               <td nowrap="true" align="right">5s
                  
               </td>
               <td nowrap="true">
                   
                  
               </td>
            </tr>
            <tr>
               <td colspan="4" class="detailsBox">
                  <div id="Package_1.Test_Frenzy_Login_byStatus_passed_PASS2_details"
                       class="testMethodDetails">
                     <div>
                        <b>Name: </b>Login
                     </div>
                     <div>
                        <b>Description: </b>Se inicia sesión con los datos correspondientes
                     </div>
                     <div>
                        <b>Signature: </b>Login()[pri:0, instance:Package_1.Test_Frenzy@546a03af]
                     </div>
                     <div>
                        <b>Start time: </b>11:32:36
                     </div>
                     <div>
                        <b>End time: </b>11:32:42
                     </div>
                     <div>
                        <b>Duration: </b>5s
                        
                     </div>
                  </div>
               </td>
            </tr>
            <tr></tr>
            <tr id="Package_1.Test_Frenzy_Navegacion_byStatus_passed_PASS3_row"
                class="testMethodStatusPASS">
               <td width="100%" class="firstMethodCell">
                  <a onclick="toggleDetailsVisibility('Package_1.Test_Frenzy_Navegacion_byStatus_passed_PASS3_details')">Navegacion()</a>
               </td>
               <td nowrap="true">11:32:42</td>
               <td nowrap="true" align="right">13s
                  
               </td>
               <td nowrap="true">
                   
                  
               </td>
            </tr>
            <tr>
               <td colspan="4" class="detailsBox">
                  <div id="Package_1.Test_Frenzy_Navegacion_byStatus_passed_PASS3_details"
                       class="testMethodDetails">
                     <div>
                        <b>Name: </b>Navegacion
                     </div>
                     <div>
                        <b>Description: </b>Navegación y test de los links en el menu
                     </div>
                     <div>
                        <b>Signature: </b>Navegacion()[pri:0, instance:Package_1.Test_Frenzy@546a03af]
                     </div>
                     <div>
                        <b>Start time: </b>11:32:42
                     </div>
                     <div>
                        <b>End time: </b>11:32:56
                     </div>
                     <div>
                        <b>Duration: </b>13s
                        
                     </div>
                  </div>
               </td>
            </tr>
            <tr></tr>
            <tr id="Package_1.Test_Frenzy_Categorias_byStatus_passed_PASS4_row"
                class="testMethodStatusPASS">
               <td width="100%" class="firstMethodCell">
                  <a onclick="toggleDetailsVisibility('Package_1.Test_Frenzy_Categorias_byStatus_passed_PASS4_details')">Categorias()</a>
               </td>
               <td nowrap="true">11:33:30</td>
               <td nowrap="true" align="right">748 ms
                  
               </td>
               <td nowrap="true">
                   
                  
               </td>
            </tr>
            <tr>
               <td colspan="4" class="detailsBox">
                  <div id="Package_1.Test_Frenzy_Categorias_byStatus_passed_PASS4_details"
                       class="testMethodDetails">
                     <div>
                        <b>Name: </b>Categorias
                     </div>
                     <div>
                        <b>Description: </b>Test en todas las categorias existentes
                     </div>
                     <div>
                        <b>Signature: </b>Categorias()[pri:0, instance:Package_1.Test_Frenzy@546a03af]
                     </div>
                     <div>
                        <b>Start time: </b>11:33:30
                     </div>
                     <div>
                        <b>End time: </b>11:33:31
                     </div>
                     <div>
                        <b>Duration: </b>748 ms
                        
                     </div>
                  </div>
               </td>
            </tr>
            <tr></tr>
            <tr id="Package_1.Test_Frenzy_GanarBits_byStatus_passed_PASS5_row"
                class="testMethodStatusPASS">
               <td width="100%" class="firstMethodCell">
                  <a onclick="toggleDetailsVisibility('Package_1.Test_Frenzy_GanarBits_byStatus_passed_PASS5_details')">GanarBits()</a>
               </td>
               <td nowrap="true">11:33:31</td>
               <td nowrap="true" align="right">2s
                  
               </td>
               <td nowrap="true">
                   
                  
               </td>
            </tr>
            <tr>
               <td colspan="4" class="detailsBox">
                  <div id="Package_1.Test_Frenzy_GanarBits_byStatus_passed_PASS5_details"
                       class="testMethodDetails">
                     <div>
                        <b>Name: </b>GanarBits
                     </div>
                     <div>
                        <b>Description: </b>Test del botón: ¿como ganar bits?
                     </div>
                     <div>
                        <b>Signature: </b>GanarBits()[pri:0, instance:Package_1.Test_Frenzy@546a03af]
                     </div>
                     <div>
                        <b>Start time: </b>11:33:31
                     </div>
                     <div>
                        <b>End time: </b>11:33:34
                     </div>
                     <div>
                        <b>Duration: </b>2s
                        
                     </div>
                  </div>
               </td>
            </tr>
            <tr></tr>
            <tr id="Package_1.Test_Frenzy_QueEsFrenzyVideo_byStatus_passed_PASS6_row"
                class="testMethodStatusPASS">
               <td width="100%" class="firstMethodCell">
                  <a onclick="toggleDetailsVisibility('Package_1.Test_Frenzy_QueEsFrenzyVideo_byStatus_passed_PASS6_details')">QueEsFrenzyVideo()</a>
               </td>
               <td nowrap="true">11:33:34</td>
               <td nowrap="true" align="right">5s
                  
               </td>
               <td nowrap="true">
                   
                  
               </td>
            </tr>
            <tr>
               <td colspan="4" class="detailsBox">
                  <div id="Package_1.Test_Frenzy_QueEsFrenzyVideo_byStatus_passed_PASS6_details"
                       class="testMethodDetails">
                     <div>
                        <b>Name: </b>QueEsFrenzyVideo
                     </div>
                     <div>
                        <b>Description: </b>Test del botón para ver el vídeo en Que es Frenzy
                     </div>
                     <div>
                        <b>Signature: </b>QueEsFrenzyVideo()[pri:0, instance:Package_1.Test_Frenzy@546a03af]
                     </div>
                     <div>
                        <b>Start time: </b>11:33:34
                     </div>
                     <div>
                        <b>End time: </b>11:33:39
                     </div>
                     <div>
                        <b>Duration: </b>5s
                        
                     </div>
                  </div>
               </td>
            </tr>
            <tr></tr>
            <tr id="Package_1.Test_Frenzy_Premios_byStatus_passed_PASS7_row"
                class="testMethodStatusPASS">
               <td width="100%" class="firstMethodCell">
                  <a onclick="toggleDetailsVisibility('Package_1.Test_Frenzy_Premios_byStatus_passed_PASS7_details')">Premios()</a>
               </td>
               <td nowrap="true">11:34:45</td>
               <td nowrap="true" align="right">7s
                  
               </td>
               <td nowrap="true">
                   
                  
               </td>
            </tr>
            <tr>
               <td colspan="4" class="detailsBox">
                  <div id="Package_1.Test_Frenzy_Premios_byStatus_passed_PASS7_details"
                       class="testMethodDetails">
                     <div>
                        <b>Name: </b>Premios
                     </div>
                     <div>
                        <b>Description: </b>Test de la vista premios
                     </div>
                     <div>
                        <b>Signature: </b>Premios()[pri:0, instance:Package_1.Test_Frenzy@546a03af]
                     </div>
                     <div>
                        <b>Start time: </b>11:34:45
                     </div>
                     <div>
                        <b>End time: </b>11:34:52
                     </div>
                     <div>
                        <b>Duration: </b>7s
                        
                     </div>
                  </div>
               </td>
            </tr>
            <tr></tr>
            <tr id="Package_1.Test_Frenzy_BotonesApp_byStatus_passed_PASS8_row"
                class="testMethodStatusPASS">
               <td width="100%" class="firstMethodCell">
                  <a onclick="toggleDetailsVisibility('Package_1.Test_Frenzy_BotonesApp_byStatus_passed_PASS8_details')">BotonesApp()</a>
               </td>
               <td nowrap="true">11:34:52</td>
               <td nowrap="true" align="right">3s
                  
               </td>
               <td nowrap="true">
                   
                  
               </td>
            </tr>
            <tr>
               <td colspan="4" class="detailsBox">
                  <div id="Package_1.Test_Frenzy_BotonesApp_byStatus_passed_PASS8_details"
                       class="testMethodDetails">
                     <div>
                        <b>Name: </b>BotonesApp
                     </div>
                     <div>
                        <b>Description: </b>Botones descargar en play store y app store
                     </div>
                     <div>
                        <b>Signature: </b>BotonesApp()[pri:0, instance:Package_1.Test_Frenzy@546a03af]
                     </div>
                     <div>
                        <b>Start time: </b>11:34:52
                     </div>
                     <div>
                        <b>End time: </b>11:34:56
                     </div>
                     <div>
                        <b>Duration: </b>3s
                        
                     </div>
                  </div>
               </td>
            </tr>
            <tr></tr>
         </table>
      </div>
      <div id="testMethodsByClass">
         <table class="testMethodsTable" cellpadding="0" cellspacing="0">
            <tr>
               <td colspan="4">
                  <h3 style="display: inline;">Package_1.Test_Frenzy</h3>
               </td>
            </tr>
            <tr class="methodsTableHeader">
               <td width="100%">Name</td>
               <td nowrap="true">Started</td>
               <td nowrap="true">Duration</td>
               <td>Exception</td>
            </tr>
            <tr id="Package_1.Test_Frenzy_AbrirNavegador_byClass_PASS1_row"
                class="testMethodStatusPASS">
               <td width="100%" class="firstMethodCell">
                  <a onclick="toggleDetailsVisibility('Package_1.Test_Frenzy_AbrirNavegador_byClass_PASS1_details')">AbrirNavegador()</a>
               </td>
               <td nowrap="true">11:32:30</td>
               <td nowrap="true" align="right">5s
                  
               </td>
               <td nowrap="true">
                   
                  
               </td>
            </tr>
            <tr>
               <td colspan="4" class="detailsBox">
                  <div id="Package_1.Test_Frenzy_AbrirNavegador_byClass_PASS1_details"
                       class="testMethodDetails">
                     <div>
                        <b>Name: </b>AbrirNavegador
                     </div>
                     <div>
                        <b>Description: </b>Abre el navegador configurado
                     </div>
                     <div>
                        <b>Signature: </b>AbrirNavegador()[pri:0, instance:Package_1.Test_Frenzy@546a03af]
                     </div>
                     <div>
                        <b>Start time: </b>11:32:30
                     </div>
                     <div>
                        <b>End time: </b>11:32:36
                     </div>
                     <div>
                        <b>Duration: </b>5s
                        
                     </div>
                  </div>
               </td>
            </tr>
            <tr></tr>
            <tr id="Package_1.Test_Frenzy_Login_byClass_PASS2_row" class="testMethodStatusPASS">
               <td width="100%" class="firstMethodCell">
                  <a onclick="toggleDetailsVisibility('Package_1.Test_Frenzy_Login_byClass_PASS2_details')">Login()</a>
               </td>
               <td nowrap="true">11:32:36</td>
               <td nowrap="true" align="right">5s
                  
               </td>
               <td nowrap="true">
                   
                  
               </td>
            </tr>
            <tr>
               <td colspan="4" class="detailsBox">
                  <div id="Package_1.Test_Frenzy_Login_byClass_PASS2_details"
                       class="testMethodDetails">
                     <div>
                        <b>Name: </b>Login
                     </div>
                     <div>
                        <b>Description: </b>Se inicia sesión con los datos correspondientes
                     </div>
                     <div>
                        <b>Signature: </b>Login()[pri:0, instance:Package_1.Test_Frenzy@546a03af]
                     </div>
                     <div>
                        <b>Start time: </b>11:32:36
                     </div>
                     <div>
                        <b>End time: </b>11:32:42
                     </div>
                     <div>
                        <b>Duration: </b>5s
                        
                     </div>
                  </div>
               </td>
            </tr>
            <tr></tr>
            <tr id="Package_1.Test_Frenzy_Navegacion_byClass_PASS3_row"
                class="testMethodStatusPASS">
               <td width="100%" class="firstMethodCell">
                  <a onclick="toggleDetailsVisibility('Package_1.Test_Frenzy_Navegacion_byClass_PASS3_details')">Navegacion()</a>
               </td>
               <td nowrap="true">11:32:42</td>
               <td nowrap="true" align="right">13s
                  
               </td>
               <td nowrap="true">
                   
                  
               </td>
            </tr>
            <tr>
               <td colspan="4" class="detailsBox">
                  <div id="Package_1.Test_Frenzy_Navegacion_byClass_PASS3_details"
                       class="testMethodDetails">
                     <div>
                        <b>Name: </b>Navegacion
                     </div>
                     <div>
                        <b>Description: </b>Navegación y test de los links en el menu
                     </div>
                     <div>
                        <b>Signature: </b>Navegacion()[pri:0, instance:Package_1.Test_Frenzy@546a03af]
                     </div>
                     <div>
                        <b>Start time: </b>11:32:42
                     </div>
                     <div>
                        <b>End time: </b>11:32:56
                     </div>
                     <div>
                        <b>Duration: </b>13s
                        
                     </div>
                  </div>
               </td>
            </tr>
            <tr></tr>
            <tr id="Package_1.Test_Frenzy_BotonesHome_byClass_FAIL4_row"
                class="testMethodStatusFAIL">
               <td width="100%" class="firstMethodCell">
                  <a onclick="toggleDetailsVisibility('Package_1.Test_Frenzy_BotonesHome_byClass_FAIL4_details')">BotonesHome()</a>
               </td>
               <td nowrap="true">11:32:56</td>
               <td nowrap="true" align="right">34s
                  
               </td>
               <td nowrap="true">
                  <a onclick="toggleDetailsVisibility('Package_1.Test_Frenzy_BotonesHome_byClass_FAIL4_exception')">org.openqa.selenium.TimeoutException: 
                     Expected condition failed: waiting for element to be clickable: By.xpath: //DIV[@class='buttonTutorialCodePromotion flexVerticalCenter
                     justifyContentCenter'] (tried for 30 second(s) with 500 MILLISECONDS interval)
                     
                  </a>
                   
                  
               </td>
            </tr>
            <tr>
               <td colspan="4" class="detailsBox">
                  <div id="Package_1.Test_Frenzy_BotonesHome_byClass_FAIL4_details"
                       class="testMethodDetails">
                     <div>
                        <b>Name: </b>BotonesHome
                     </div>
                     <div>
                        <b>Description: </b>Test de los botones y alertas en pantalla
                     </div>
                     <div>
                        <b>Signature: </b>BotonesHome()[pri:0, instance:Package_1.Test_Frenzy@546a03af]
                     </div>
                     <div>
                        <b>Start time: </b>11:32:56
                     </div>
                     <div>
                        <b>End time: </b>11:33:30
                     </div>
                     <div>
                        <b>Duration: </b>34s
                        
                     </div>
                  </div>
               </td>
            </tr>
            <tr>
               <td colspan="4" class="detailsBox">
                  <div id="Package_1.Test_Frenzy_BotonesHome_byClass_FAIL4_exception"
                       class="testMethodDetails">
                     <pre style="padding: 5px; margin: 0;">org.openqa.selenium.TimeoutException: Expected condition failed: waiting for element to be clickable: By.xpath: //DIV[@class='buttonTutorialCodePromotion
                        flexVerticalCenter justifyContentCenter'] (tried for 30 second(s) with 500 MILLISECONDS interval)
                        	at org.openqa.selenium.support.ui.WebDriverWait.timeoutException(WebDriverWait.java:80)
                        	at org.openqa.selenium.support.ui.FluentWait.until(FluentWait.java:232)
                        	at Package_1.Test_Frenzy.BotonesHome(Test_Frenzy.java:143)
                        	at sun.reflect.NativeMethodAccessorImpl.invoke0(Native Method)
                        	at sun.reflect.NativeMethodAccessorImpl.invoke(Unknown Source)
                        	at sun.reflect.DelegatingMethodAccessorImpl.invoke(Unknown Source)
                        	at java.lang.reflect.Method.invoke(Unknown Source)
                        	at org.testng.internal.MethodInvocationHelper.invokeMethod(MethodInvocationHelper.java:108)
                        	at org.testng.internal.Invoker.invokeMethod(Invoker.java:669)
                        	at org.testng.internal.Invoker.invokeTestMethod(Invoker.java:877)
                        	at org.testng.internal.Invoker.invokeTestMethods(Invoker.java:1201)
                        	at org.testng.internal.TestMethodWorker.invokeTestMethods(TestMethodWorker.java:125)
                        	at org.testng.internal.TestMethodWorker.run(TestMethodWorker.java:109)
                        	at org.testng.TestRunner.privateRun(TestRunner.java:776)
                        	at org.testng.TestRunner.run(TestRunner.java:634)
                        	at org.testng.SuiteRunner.runTest(SuiteRunner.java:425)
                        	at org.testng.SuiteRunner.runSequentially(SuiteRunner.java:420)
                        	at org.testng.SuiteRunner.privateRun(SuiteRunner.java:385)
                        	at org.testng.SuiteRunner.run(SuiteRunner.java:334)
                        	at org.testng.SuiteRunnerWorker.runSuite(SuiteRunnerWorker.java:52)
                        	at org.testng.SuiteRunnerWorker.run(SuiteRunnerWorker.java:86)
                        	at org.testng.TestNG.runSuitesSequentially(TestNG.java:1318)
                        	at org.testng.TestNG.runSuitesLocally(TestNG.java:1243)
                        	at org.testng.TestNG.runSuites(TestNG.java:1161)
                        	at org.testng.TestNG.run(TestNG.java:1129)
                        	at org.testng.TestNG.privateMain(TestNG.java:1459)
                        	at org.testng.TestNG.main(TestNG.java:1428)
                        Caused by: org.openqa.selenium.NoSuchElementException: Cannot locate an element using By.xpath: //DIV[@class='buttonTutorialCodePromotion
                        flexVerticalCenter justifyContentCenter']
                        For documentation on this error, please visit: http://seleniumhq.org/exceptions/no_such_element.html
                        Build info: version: 'unknown', revision: 'unknown', time: 'unknown'
                        System info: host: 'COGNITSBRYANPAZ', ip: '192.168.50.174', os.name: 'Windows 10', os.arch: 'amd64', os.version: '10.0', java.version:
                        '1.8.0_144'
                        Driver info: driver.version: unknown
                        	at org.openqa.selenium.support.ui.ExpectedConditions.lambda$findElement$0(ExpectedConditions.java:883)
                        	at java.util.Optional.orElseThrow(Unknown Source)
                        	at org.openqa.selenium.support.ui.ExpectedConditions.findElement(ExpectedConditions.java:882)
                        	at org.openqa.selenium.support.ui.ExpectedConditions.access$000(ExpectedConditions.java:44)
                        	at org.openqa.selenium.support.ui.ExpectedConditions$7.apply(ExpectedConditions.java:206)
                        	at org.openqa.selenium.support.ui.ExpectedConditions$7.apply(ExpectedConditions.java:202)
                        	at org.openqa.selenium.support.ui.ExpectedConditions$22.apply(ExpectedConditions.java:644)
                        	at org.openqa.selenium.support.ui.ExpectedConditions$22.apply(ExpectedConditions.java:641)
                        	at org.openqa.selenium.support.ui.FluentWait.until(FluentWait.java:209)
                        	... 25 more
                     </pre>
                  </div>
               </td>
            </tr>
            <tr id="Package_1.Test_Frenzy_Categorias_byClass_PASS5_row"
                class="testMethodStatusPASS">
               <td width="100%" class="firstMethodCell">
                  <a onclick="toggleDetailsVisibility('Package_1.Test_Frenzy_Categorias_byClass_PASS5_details')">Categorias()</a>
               </td>
               <td nowrap="true">11:33:30</td>
               <td nowrap="true" align="right">748 ms
                  
               </td>
               <td nowrap="true">
                   
                  
               </td>
            </tr>
            <tr>
               <td colspan="4" class="detailsBox">
                  <div id="Package_1.Test_Frenzy_Categorias_byClass_PASS5_details"
                       class="testMethodDetails">
                     <div>
                        <b>Name: </b>Categorias
                     </div>
                     <div>
                        <b>Description: </b>Test en todas las categorias existentes
                     </div>
                     <div>
                        <b>Signature: </b>Categorias()[pri:0, instance:Package_1.Test_Frenzy@546a03af]
                     </div>
                     <div>
                        <b>Start time: </b>11:33:30
                     </div>
                     <div>
                        <b>End time: </b>11:33:31
                     </div>
                     <div>
                        <b>Duration: </b>748 ms
                        
                     </div>
                  </div>
               </td>
            </tr>
            <tr></tr>
            <tr id="Package_1.Test_Frenzy_GanarBits_byClass_PASS6_row"
                class="testMethodStatusPASS">
               <td width="100%" class="firstMethodCell">
                  <a onclick="toggleDetailsVisibility('Package_1.Test_Frenzy_GanarBits_byClass_PASS6_details')">GanarBits()</a>
               </td>
               <td nowrap="true">11:33:31</td>
               <td nowrap="true" align="right">2s
                  
               </td>
               <td nowrap="true">
                   
                  
               </td>
            </tr>
            <tr>
               <td colspan="4" class="detailsBox">
                  <div id="Package_1.Test_Frenzy_GanarBits_byClass_PASS6_details"
                       class="testMethodDetails">
                     <div>
                        <b>Name: </b>GanarBits
                     </div>
                     <div>
                        <b>Description: </b>Test del botón: ¿como ganar bits?
                     </div>
                     <div>
                        <b>Signature: </b>GanarBits()[pri:0, instance:Package_1.Test_Frenzy@546a03af]
                     </div>
                     <div>
                        <b>Start time: </b>11:33:31
                     </div>
                     <div>
                        <b>End time: </b>11:33:34
                     </div>
                     <div>
                        <b>Duration: </b>2s
                        
                     </div>
                  </div>
               </td>
            </tr>
            <tr></tr>
            <tr id="Package_1.Test_Frenzy_QueEsFrenzyVideo_byClass_PASS7_row"
                class="testMethodStatusPASS">
               <td width="100%" class="firstMethodCell">
                  <a onclick="toggleDetailsVisibility('Package_1.Test_Frenzy_QueEsFrenzyVideo_byClass_PASS7_details')">QueEsFrenzyVideo()</a>
               </td>
               <td nowrap="true">11:33:34</td>
               <td nowrap="true" align="right">5s
                  
               </td>
               <td nowrap="true">
                   
                  
               </td>
            </tr>
            <tr>
               <td colspan="4" class="detailsBox">
                  <div id="Package_1.Test_Frenzy_QueEsFrenzyVideo_byClass_PASS7_details"
                       class="testMethodDetails">
                     <div>
                        <b>Name: </b>QueEsFrenzyVideo
                     </div>
                     <div>
                        <b>Description: </b>Test del botón para ver el vídeo en Que es Frenzy
                     </div>
                     <div>
                        <b>Signature: </b>QueEsFrenzyVideo()[pri:0, instance:Package_1.Test_Frenzy@546a03af]
                     </div>
                     <div>
                        <b>Start time: </b>11:33:34
                     </div>
                     <div>
                        <b>End time: </b>11:33:39
                     </div>
                     <div>
                        <b>Duration: </b>5s
                        
                     </div>
                  </div>
               </td>
            </tr>
            <tr></tr>
            <tr id="Package_1.Test_Frenzy_ComoGanoBits_byClass_FAIL8_row"
                class="testMethodStatusFAIL">
               <td width="100%" class="firstMethodCell">
                  <a onclick="toggleDetailsVisibility('Package_1.Test_Frenzy_ComoGanoBits_byClass_FAIL8_details')">ComoGanoBits()</a>
               </td>
               <td nowrap="true">11:33:39</td>
               <td nowrap="true" align="right">35s
                  
               </td>
               <td nowrap="true">
                  <a onclick="toggleDetailsVisibility('Package_1.Test_Frenzy_ComoGanoBits_byClass_FAIL8_exception')">org.openqa.selenium.TimeoutException: 
                     Expected condition failed: waiting for element to be clickable: By.xpath: //DIV[@class='buttonTutorialHowWin flexVerticalCenter
                     justifyContentCenter'] (tried for 30 second(s) with 500 MILLISECONDS interval)
                     
                  </a>
                   
                  
               </td>
            </tr>
            <tr>
               <td colspan="4" class="detailsBox">
                  <div id="Package_1.Test_Frenzy_ComoGanoBits_byClass_FAIL8_details"
                       class="testMethodDetails">
                     <div>
                        <b>Name: </b>ComoGanoBits
                     </div>
                     <div>
                        <b>Description: </b>Boton de cómo ganar bits en la vista points
                     </div>
                     <div>
                        <b>Signature: </b>ComoGanoBits()[pri:0, instance:Package_1.Test_Frenzy@546a03af]
                     </div>
                     <div>
                        <b>Start time: </b>11:33:39
                     </div>
                     <div>
                        <b>End time: </b>11:34:15
                     </div>
                     <div>
                        <b>Duration: </b>35s
                        
                     </div>
                  </div>
               </td>
            </tr>
            <tr>
               <td colspan="4" class="detailsBox">
                  <div id="Package_1.Test_Frenzy_ComoGanoBits_byClass_FAIL8_exception"
                       class="testMethodDetails">
                     <pre style="padding: 5px; margin: 0;">org.openqa.selenium.TimeoutException: Expected condition failed: waiting for element to be clickable: By.xpath: //DIV[@class='buttonTutorialHowWin
                        flexVerticalCenter justifyContentCenter'] (tried for 30 second(s) with 500 MILLISECONDS interval)
                        	at org.openqa.selenium.support.ui.WebDriverWait.timeoutException(WebDriverWait.java:80)
                        	at org.openqa.selenium.support.ui.FluentWait.until(FluentWait.java:232)
                        	at Package_1.Test_Frenzy.ComoGanoBits(Test_Frenzy.java:266)
                        	at sun.reflect.NativeMethodAccessorImpl.invoke0(Native Method)
                        	at sun.reflect.NativeMethodAccessorImpl.invoke(Unknown Source)
                        	at sun.reflect.DelegatingMethodAccessorImpl.invoke(Unknown Source)
                        	at java.lang.reflect.Method.invoke(Unknown Source)
                        	at org.testng.internal.MethodInvocationHelper.invokeMethod(MethodInvocationHelper.java:108)
                        	at org.testng.internal.Invoker.invokeMethod(Invoker.java:669)
                        	at org.testng.internal.Invoker.invokeTestMethod(Invoker.java:877)
                        	at org.testng.internal.Invoker.invokeTestMethods(Invoker.java:1201)
                        	at org.testng.internal.TestMethodWorker.invokeTestMethods(TestMethodWorker.java:125)
                        	at org.testng.internal.TestMethodWorker.run(TestMethodWorker.java:109)
                        	at org.testng.TestRunner.privateRun(TestRunner.java:776)
                        	at org.testng.TestRunner.run(TestRunner.java:634)
                        	at org.testng.SuiteRunner.runTest(SuiteRunner.java:425)
                        	at org.testng.SuiteRunner.runSequentially(SuiteRunner.java:420)
                        	at org.testng.SuiteRunner.privateRun(SuiteRunner.java:385)
                        	at org.testng.SuiteRunner.run(SuiteRunner.java:334)
                        	at org.testng.SuiteRunnerWorker.runSuite(SuiteRunnerWorker.java:52)
                        	at org.testng.SuiteRunnerWorker.run(SuiteRunnerWorker.java:86)
                        	at org.testng.TestNG.runSuitesSequentially(TestNG.java:1318)
                        	at org.testng.TestNG.runSuitesLocally(TestNG.java:1243)
                        	at org.testng.TestNG.runSuites(TestNG.java:1161)
                        	at org.testng.TestNG.run(TestNG.java:1129)
                        	at org.testng.TestNG.privateMain(TestNG.java:1459)
                        	at org.testng.TestNG.main(TestNG.java:1428)
                        Caused by: org.openqa.selenium.NoSuchElementException: Cannot locate an element using By.xpath: //DIV[@class='buttonTutorialHowWin
                        flexVerticalCenter justifyContentCenter']
                        For documentation on this error, please visit: http://seleniumhq.org/exceptions/no_such_element.html
                        Build info: version: 'unknown', revision: 'unknown', time: 'unknown'
                        System info: host: 'COGNITSBRYANPAZ', ip: '192.168.50.174', os.name: 'Windows 10', os.arch: 'amd64', os.version: '10.0', java.version:
                        '1.8.0_144'
                        Driver info: driver.version: unknown
                        	at org.openqa.selenium.support.ui.ExpectedConditions.lambda$findElement$0(ExpectedConditions.java:883)
                        	at java.util.Optional.orElseThrow(Unknown Source)
                        	at org.openqa.selenium.support.ui.ExpectedConditions.findElement(ExpectedConditions.java:882)
                        	at org.openqa.selenium.support.ui.ExpectedConditions.access$000(ExpectedConditions.java:44)
                        	at org.openqa.selenium.support.ui.ExpectedConditions$7.apply(ExpectedConditions.java:206)
                        	at org.openqa.selenium.support.ui.ExpectedConditions$7.apply(ExpectedConditions.java:202)
                        	at org.openqa.selenium.support.ui.ExpectedConditions$22.apply(ExpectedConditions.java:644)
                        	at org.openqa.selenium.support.ui.ExpectedConditions$22.apply(ExpectedConditions.java:641)
                        	at org.openqa.selenium.support.ui.FluentWait.until(FluentWait.java:209)
                        	... 25 more
                     </pre>
                  </div>
               </td>
            </tr>
            <tr id="Package_1.Test_Frenzy_Ofertas_byClass_FAIL9_row"
                class="testMethodStatusFAIL">
               <td width="100%" class="firstMethodCell">
                  <a onclick="toggleDetailsVisibility('Package_1.Test_Frenzy_Ofertas_byClass_FAIL9_details')">Ofertas()</a>
               </td>
               <td nowrap="true">11:34:15</td>
               <td nowrap="true" align="right">30s
                  
               </td>
               <td nowrap="true">
                  <a onclick="toggleDetailsVisibility('Package_1.Test_Frenzy_Ofertas_byClass_FAIL9_exception')">org.openqa.selenium.TimeoutException: 
                     Expected condition failed: waiting for visibility of element located by By.xpath: //DIV[@class='col-xs-12 col-sm-12 col-md-11
                     col-lg-10'] (tried for 30 second(s) with 500 MILLISECONDS interval)
                     
                  </a>
                   
                  
               </td>
            </tr>
            <tr>
               <td colspan="4" class="detailsBox">
                  <div id="Package_1.Test_Frenzy_Ofertas_byClass_FAIL9_details"
                       class="testMethodDetails">
                     <div>
                        <b>Name: </b>Ofertas
                     </div>
                     <div>
                        <b>Description: </b>Test de la vista ofertas de los socios correspondientes.
                     </div>
                     <div>
                        <b>Signature: </b>Ofertas()[pri:0, instance:Package_1.Test_Frenzy@546a03af]
                     </div>
                     <div>
                        <b>Start time: </b>11:34:15
                     </div>
                     <div>
                        <b>End time: </b>11:34:45
                     </div>
                     <div>
                        <b>Duration: </b>30s
                        
                     </div>
                  </div>
               </td>
            </tr>
            <tr>
               <td colspan="4" class="detailsBox">
                  <div id="Package_1.Test_Frenzy_Ofertas_byClass_FAIL9_exception"
                       class="testMethodDetails">
                     <pre style="padding: 5px; margin: 0;">org.openqa.selenium.TimeoutException: Expected condition failed: waiting for visibility of element located by By.xpath: //DIV[@class='col-xs-12
                        col-sm-12 col-md-11 col-lg-10'] (tried for 30 second(s) with 500 MILLISECONDS interval)
                        	at org.openqa.selenium.support.ui.WebDriverWait.timeoutException(WebDriverWait.java:80)
                        	at org.openqa.selenium.support.ui.FluentWait.until(FluentWait.java:232)
                        	at Package_1.Test_Frenzy.Ofertas(Test_Frenzy.java:278)
                        	at sun.reflect.NativeMethodAccessorImpl.invoke0(Native Method)
                        	at sun.reflect.NativeMethodAccessorImpl.invoke(Unknown Source)
                        	at sun.reflect.DelegatingMethodAccessorImpl.invoke(Unknown Source)
                        	at java.lang.reflect.Method.invoke(Unknown Source)
                        	at org.testng.internal.MethodInvocationHelper.invokeMethod(MethodInvocationHelper.java:108)
                        	at org.testng.internal.Invoker.invokeMethod(Invoker.java:669)
                        	at org.testng.internal.Invoker.invokeTestMethod(Invoker.java:877)
                        	at org.testng.internal.Invoker.invokeTestMethods(Invoker.java:1201)
                        	at org.testng.internal.TestMethodWorker.invokeTestMethods(TestMethodWorker.java:125)
                        	at org.testng.internal.TestMethodWorker.run(TestMethodWorker.java:109)
                        	at org.testng.TestRunner.privateRun(TestRunner.java:776)
                        	at org.testng.TestRunner.run(TestRunner.java:634)
                        	at org.testng.SuiteRunner.runTest(SuiteRunner.java:425)
                        	at org.testng.SuiteRunner.runSequentially(SuiteRunner.java:420)
                        	at org.testng.SuiteRunner.privateRun(SuiteRunner.java:385)
                        	at org.testng.SuiteRunner.run(SuiteRunner.java:334)
                        	at org.testng.SuiteRunnerWorker.runSuite(SuiteRunnerWorker.java:52)
                        	at org.testng.SuiteRunnerWorker.run(SuiteRunnerWorker.java:86)
                        	at org.testng.TestNG.runSuitesSequentially(TestNG.java:1318)
                        	at org.testng.TestNG.runSuitesLocally(TestNG.java:1243)
                        	at org.testng.TestNG.runSuites(TestNG.java:1161)
                        	at org.testng.TestNG.run(TestNG.java:1129)
                        	at org.testng.TestNG.privateMain(TestNG.java:1459)
                        	at org.testng.TestNG.main(TestNG.java:1428)
                        Caused by: org.openqa.selenium.NoSuchElementException: Cannot locate an element using By.xpath: //DIV[@class='col-xs-12 col-sm-12
                        col-md-11 col-lg-10']
                        For documentation on this error, please visit: http://seleniumhq.org/exceptions/no_such_element.html
                        Build info: version: 'unknown', revision: 'unknown', time: 'unknown'
                        System info: host: 'COGNITSBRYANPAZ', ip: '192.168.50.174', os.name: 'Windows 10', os.arch: 'amd64', os.version: '10.0', java.version:
                        '1.8.0_144'
                        Driver info: driver.version: unknown
                        	at org.openqa.selenium.support.ui.ExpectedConditions.lambda$findElement$0(ExpectedConditions.java:883)
                        	at java.util.Optional.orElseThrow(Unknown Source)
                        	at org.openqa.selenium.support.ui.ExpectedConditions.findElement(ExpectedConditions.java:882)
                        	at org.openqa.selenium.support.ui.ExpectedConditions.access$000(ExpectedConditions.java:44)
                        	at org.openqa.selenium.support.ui.ExpectedConditions$7.apply(ExpectedConditions.java:206)
                        	at org.openqa.selenium.support.ui.ExpectedConditions$7.apply(ExpectedConditions.java:202)
                        	at org.openqa.selenium.support.ui.FluentWait.until(FluentWait.java:209)
                        	... 25 more
                     </pre>
                  </div>
               </td>
            </tr>
            <tr id="Package_1.Test_Frenzy_Premios_byClass_PASS10_row"
                class="testMethodStatusPASS">
               <td width="100%" class="firstMethodCell">
                  <a onclick="toggleDetailsVisibility('Package_1.Test_Frenzy_Premios_byClass_PASS10_details')">Premios()</a>
               </td>
               <td nowrap="true">11:34:45</td>
               <td nowrap="true" align="right">7s
                  
               </td>
               <td nowrap="true">
                   
                  
               </td>
            </tr>
            <tr>
               <td colspan="4" class="detailsBox">
                  <div id="Package_1.Test_Frenzy_Premios_byClass_PASS10_details"
                       class="testMethodDetails">
                     <div>
                        <b>Name: </b>Premios
                     </div>
                     <div>
                        <b>Description: </b>Test de la vista premios
                     </div>
                     <div>
                        <b>Signature: </b>Premios()[pri:0, instance:Package_1.Test_Frenzy@546a03af]
                     </div>
                     <div>
                        <b>Start time: </b>11:34:45
                     </div>
                     <div>
                        <b>End time: </b>11:34:52
                     </div>
                     <div>
                        <b>Duration: </b>7s
                        
                     </div>
                  </div>
               </td>
            </tr>
            <tr></tr>
            <tr id="Package_1.Test_Frenzy_BotonesApp_byClass_PASS11_row"
                class="testMethodStatusPASS">
               <td width="100%" class="firstMethodCell">
                  <a onclick="toggleDetailsVisibility('Package_1.Test_Frenzy_BotonesApp_byClass_PASS11_details')">BotonesApp()</a>
               </td>
               <td nowrap="true">11:34:52</td>
               <td nowrap="true" align="right">3s
                  
               </td>
               <td nowrap="true">
                   
                  
               </td>
            </tr>
            <tr>
               <td colspan="4" class="detailsBox">
                  <div id="Package_1.Test_Frenzy_BotonesApp_byClass_PASS11_details"
                       class="testMethodDetails">
                     <div>
                        <b>Name: </b>BotonesApp
                     </div>
                     <div>
                        <b>Description: </b>Botones descargar en play store y app store
                     </div>
                     <div>
                        <b>Signature: </b>BotonesApp()[pri:0, instance:Package_1.Test_Frenzy@546a03af]
                     </div>
                     <div>
                        <b>Start time: </b>11:34:52
                     </div>
                     <div>
                        <b>End time: </b>11:34:56
                     </div>
                     <div>
                        <b>Duration: </b>3s
                        
                     </div>
                  </div>
               </td>
            </tr>
            <tr></tr>
         </table>
         <br></br>
      </div>
      <div style="margin-top: 15px; color: gray; text-align: center; font-size: 9px;">
         Generated with
         
         <a href="http://code.google.com/p/testng-xslt/" style="color: #8888aa;"
            target="_blank">
            TestNG XSLT
            
         </a>
      </div>
   </body>
</html>