<?xml version="1.0" encoding="UTF-8"?>
<testng-results skipped="0" failed="1" ignored="0" total="7" passed="6">
  <reporter-output>
  </reporter-output>
  <suite name="Suite1" duration-ms="64071" started-at="2017-10-02T17:30:35Z" finished-at="2017-10-02T17:31:39Z">
    <groups>
    </groups>
    <test name="dashboard" duration-ms="64071" started-at="2017-10-02T17:30:35Z" finished-at="2017-10-02T17:31:39Z">
      <class name="fd.dashboard">
        <test-method status="PASS" signature="AbrirNavegador()[pri:0, instance:fd.dashboard@7907ec20]" name="AbrirNavegador" duration-ms="19361" started-at="2017-10-02T11:30:35Z" description="Apertura del navegador configurado" finished-at="2017-10-02T11:30:54Z">
          <reporter-output>
          </reporter-output>
        </test-method> <!-- AbrirNavegador -->
        <test-method status="PASS" signature="IniciarSesion()[pri:0, instance:fd.dashboard@7907ec20]" name="IniciarSesion" duration-ms="20493" started-at="2017-10-02T11:30:54Z" description="Apertura del navegador configurado" finished-at="2017-10-02T11:31:15Z">
          <reporter-output>
          </reporter-output>
        </test-method> <!-- IniciarSesion -->
        <test-method status="PASS" signature="Select()[pri:0, instance:fd.dashboard@7907ec20]" name="Select" duration-ms="217" started-at="2017-10-02T11:31:15Z" description="Apertura del navegador configurado" finished-at="2017-10-02T11:31:15Z">
          <reporter-output>
          </reporter-output>
        </test-method> <!-- Select -->
        <test-method status="PASS" signature="Promo()[pri:0, instance:fd.dashboard@7907ec20]" name="Promo" duration-ms="7536" started-at="2017-10-02T11:31:15Z" description="Apertura del navegador configurado" finished-at="2017-10-02T11:31:22Z">
          <reporter-output>
          </reporter-output>
        </test-method> <!-- Promo -->
        <test-method status="PASS" signature="NuevoCupon()[pri:0, instance:fd.dashboard@7907ec20]" name="NuevoCupon" duration-ms="4690" started-at="2017-10-02T11:31:22Z" finished-at="2017-10-02T11:31:27Z">
          <reporter-output>
          </reporter-output>
        </test-method> <!-- NuevoCupon -->
        <test-method status="PASS" signature="TLealtad()[pri:0, instance:fd.dashboard@7907ec20]" name="TLealtad" duration-ms="11523" started-at="2017-10-02T11:31:27Z" description="Apertura del navegador configurado" finished-at="2017-10-02T11:31:39Z">
          <reporter-output>
          </reporter-output>
        </test-method> <!-- TLealtad -->
        <test-method status="FAIL" signature="PremiosalInstante()[pri:0, instance:fd.dashboard@7907ec20]" name="PremiosalInstante" duration-ms="232" started-at="2017-10-02T11:31:39Z" finished-at="2017-10-02T11:31:39Z">
          <exception class="org.openqa.selenium.WebDriverException">
            <message>
              <![CDATA[unknown error: Element <div ng-if="userInfo.Business[Customer.$id].Role == 'Admin' || userInfo.Business[Customer.$id].Role == 'Marketing'" class="glyphicon glyphicon-plus frenzyTitleColorText frenzyCircleButton clickCursor ng-scope" ng-click="showForms()" data-toggle="modal" data-target="#myModal2" data-backdrop="static" data-keyboard="false"></div> is not clickable at point (932, 199). Other element would receive the click: <div class="swal2-container swal2-fade swal2-shown" style="overflow-y: auto;">...</div>
  (Session info: chrome=61.0.3163.100)
  (Driver info: chromedriver=2.32.498550 (9dec58e66c31bcc53a9ce3c7226f0c1c5810906a),platform=Windows NT 10.0.15063 x86_64) (WARNING: The server did not provide any stacktrace information)
Command duration or timeout: 0 milliseconds
Build info: version: 'unknown', revision: 'unknown', time: 'unknown'
System info: host: 'COGNITSBRYANPAZ', ip: '192.168.50.174', os.name: 'Windows 10', os.arch: 'amd64', os.version: '10.0', java.version: '1.8.0_144'
Driver info: org.openqa.selenium.chrome.ChromeDriver
Capabilities [{mobileEmulationEnabled=false, hasTouchScreen=false, platform=XP, acceptSslCerts=true, webStorageEnabled=true, browserName=chrome, takesScreenshot=true, javascriptEnabled=true, platformName=XP, setWindowRect=true, unexpectedAlertBehaviour=, applicationCacheEnabled=false, rotatable=false, networkConnectionEnabled=false, chrome={chromedriverVersion=2.32.498550 (9dec58e66c31bcc53a9ce3c7226f0c1c5810906a), userDataDir=C:\Users\BRYANP~1\AppData\Local\Temp\scoped_dir13868_31141}, takesHeapSnapshot=true, pageLoadStrategy=normal, unhandledPromptBehavior=, databaseEnabled=false, handlesAlerts=true, version=61.0.3163.100, browserConnectionEnabled=false, nativeEvents=true, locationContextEnabled=true, cssSelectorsEnabled=true}]
Session ID: 7302c6bc05beff9b946f2337810b7ce1]]>
            </message>
            <full-stacktrace>
              <![CDATA[org.openqa.selenium.WebDriverException: unknown error: Element <div ng-if="userInfo.Business[Customer.$id].Role == 'Admin' || userInfo.Business[Customer.$id].Role == 'Marketing'" class="glyphicon glyphicon-plus frenzyTitleColorText frenzyCircleButton clickCursor ng-scope" ng-click="showForms()" data-toggle="modal" data-target="#myModal2" data-backdrop="static" data-keyboard="false"></div> is not clickable at point (932, 199). Other element would receive the click: <div class="swal2-container swal2-fade swal2-shown" style="overflow-y: auto;">...</div>
  (Session info: chrome=61.0.3163.100)
  (Driver info: chromedriver=2.32.498550 (9dec58e66c31bcc53a9ce3c7226f0c1c5810906a),platform=Windows NT 10.0.15063 x86_64) (WARNING: The server did not provide any stacktrace information)
Command duration or timeout: 0 milliseconds
Build info: version: 'unknown', revision: 'unknown', time: 'unknown'
System info: host: 'COGNITSBRYANPAZ', ip: '192.168.50.174', os.name: 'Windows 10', os.arch: 'amd64', os.version: '10.0', java.version: '1.8.0_144'
Driver info: org.openqa.selenium.chrome.ChromeDriver
Capabilities [{mobileEmulationEnabled=false, hasTouchScreen=false, platform=XP, acceptSslCerts=true, webStorageEnabled=true, browserName=chrome, takesScreenshot=true, javascriptEnabled=true, platformName=XP, setWindowRect=true, unexpectedAlertBehaviour=, applicationCacheEnabled=false, rotatable=false, networkConnectionEnabled=false, chrome={chromedriverVersion=2.32.498550 (9dec58e66c31bcc53a9ce3c7226f0c1c5810906a), userDataDir=C:\Users\BRYANP~1\AppData\Local\Temp\scoped_dir13868_31141}, takesHeapSnapshot=true, pageLoadStrategy=normal, unhandledPromptBehavior=, databaseEnabled=false, handlesAlerts=true, version=61.0.3163.100, browserConnectionEnabled=false, nativeEvents=true, locationContextEnabled=true, cssSelectorsEnabled=true}]
Session ID: 7302c6bc05beff9b946f2337810b7ce1
	at sun.reflect.NativeConstructorAccessorImpl.newInstance0(Native Method)
	at sun.reflect.NativeConstructorAccessorImpl.newInstance(Unknown Source)
	at sun.reflect.DelegatingConstructorAccessorImpl.newInstance(Unknown Source)
	at java.lang.reflect.Constructor.newInstance(Unknown Source)
	at org.openqa.selenium.remote.ErrorHandler.createThrowable(ErrorHandler.java:215)
	at org.openqa.selenium.remote.ErrorHandler.throwIfResponseFailed(ErrorHandler.java:167)
	at org.openqa.selenium.remote.http.JsonHttpResponseCodec.reconstructValue(JsonHttpResponseCodec.java:40)
	at org.openqa.selenium.remote.http.AbstractHttpResponseCodec.decode(AbstractHttpResponseCodec.java:82)
	at org.openqa.selenium.remote.http.AbstractHttpResponseCodec.decode(AbstractHttpResponseCodec.java:45)
	at org.openqa.selenium.remote.HttpCommandExecutor.execute(HttpCommandExecutor.java:164)
	at org.openqa.selenium.remote.service.DriverCommandExecutor.execute(DriverCommandExecutor.java:82)
	at org.openqa.selenium.remote.RemoteWebDriver.execute(RemoteWebDriver.java:646)
	at org.openqa.selenium.remote.RemoteWebElement.execute(RemoteWebElement.java:275)
	at org.openqa.selenium.remote.RemoteWebElement.click(RemoteWebElement.java:82)
	at fd.dashboard.PremiosalInstante(dashboard.java:322)
	at sun.reflect.NativeMethodAccessorImpl.invoke0(Native Method)
	at sun.reflect.NativeMethodAccessorImpl.invoke(Unknown Source)
	at sun.reflect.DelegatingMethodAccessorImpl.invoke(Unknown Source)
	at java.lang.reflect.Method.invoke(Unknown Source)
	at org.testng.internal.MethodInvocationHelper.invokeMethod(MethodInvocationHelper.java:108)
	at org.testng.internal.Invoker.invokeMethod(Invoker.java:669)
	at org.testng.internal.Invoker.invokeTestMethod(Invoker.java:877)
	at org.testng.internal.Invoker.invokeTestMethods(Invoker.java:1201)
	at org.testng.internal.TestMethodWorker.invokeTestMethods(TestMethodWorker.java:125)
	at org.testng.internal.TestMethodWorker.run(TestMethodWorker.java:109)
	at org.testng.TestRunner.privateRun(TestRunner.java:776)
	at org.testng.TestRunner.run(TestRunner.java:634)
	at org.testng.SuiteRunner.runTest(SuiteRunner.java:425)
	at org.testng.SuiteRunner.runSequentially(SuiteRunner.java:420)
	at org.testng.SuiteRunner.privateRun(SuiteRunner.java:385)
	at org.testng.SuiteRunner.run(SuiteRunner.java:334)
	at org.testng.SuiteRunnerWorker.runSuite(SuiteRunnerWorker.java:52)
	at org.testng.SuiteRunnerWorker.run(SuiteRunnerWorker.java:86)
	at org.testng.TestNG.runSuitesSequentially(TestNG.java:1318)
	at org.testng.TestNG.runSuitesLocally(TestNG.java:1243)
	at org.testng.TestNG.runSuites(TestNG.java:1161)
	at org.testng.TestNG.run(TestNG.java:1129)
	at org.testng.TestNG.privateMain(TestNG.java:1459)
	at org.testng.TestNG.main(TestNG.java:1428)
]]>
            </full-stacktrace>
          </exception> <!-- org.openqa.selenium.WebDriverException -->
          <reporter-output>
          </reporter-output>
        </test-method> <!-- PremiosalInstante -->
      </class> <!-- fd.dashboard -->
    </test> <!-- dashboard -->
  </suite> <!-- Suite1 -->
</testng-results>
